<?xml version="1.0" encoding="UTF-8"?>
<!-- Generated by org.testng.reporters.JUnitXMLReporter -->
<testsuite hostname="Arifs-MacBook-Pro.local" name="Test" tests="2" failures="1" timestamp="9 Nov 2016 00:52:28 GMT" time="62.613" errors="0">
  <testcase name="leaveComment" time="21.392" classname="com.automation.facebook.MavenFacebook.LeaveComment"/>
  <testcase name="nonMatchingMobileNumberError" time="31.839" classname="com.automation.facebook.MavenFacebook.NonMatchingMobileNumber">
    <failure type="java.util.NoSuchElementException" message="Specified Element is not found">
      <![CDATA[java.util.NoSuchElementException: Specified Element is not found
	at com.automation.facebook.MavenFacebook.BasePage.assertEqualsTo(BasePage.java:90)
	at com.automation.facebook.MavenFacebook.HomePage.enterNonMatchingNumber(HomePage.java:61)
	at com.automation.facebook.MavenFacebook.NonMatchingMobileNumber.nonMatchingMobileNumberError(NonMatchingMobileNumber.java:17)
... Removed 28 stack frames]]>
    </failure>
  </testcase> <!-- nonMatchingMobileNumberError -->
</testsuite> <!-- Test -->
